----------------
IN: 
0x40000000:  580000c0  ldr      x0, #0x40000018
0x40000004:  aa1f03e1  mov      x1, xzr
0x40000008:  aa1f03e2  mov      x2, xzr
0x4000000c:  aa1f03e3  mov      x3, xzr
0x40000010:  58000084  ldr      x4, #0x40000020
0x40000014:  d61f0080  br       x4

----------------
IN: 
0x40080000:  d53800b3  mrs      x19, mpidr_el1
0x40080004:  92401e73  and      x19, x19, #0xff
0x40080008:  b4000073  cbz      x19, #0x40080014

----------------
IN: 
0x40080014:  d2a12009  mov      x9, #0x9000000
0x40080018:  5280084a  mov      w10, #0x42
0x4008001c:  b900012a  str      w10, [x9]
0x40080020:  58000200  ldr      x0, #0x40080060
0x40080024:  9100001f  mov      sp, x0
0x40080028:  58000200  ldr      x0, #0x40080068
0x4008002c:  58000221  ldr      x1, #0x40080070
0x40080030:  eb01001f  cmp      x0, x1
0x40080034:  54000060  b.eq     #0x40080040

----------------
IN: 
0x4008001c:  b900012a  str      w10, [x9]

----------------
IN: 
0x40080020:  58000200  ldr      x0, #0x40080060
0x40080024:  9100001f  mov      sp, x0
0x40080028:  58000200  ldr      x0, #0x40080068
0x4008002c:  58000221  ldr      x1, #0x40080070
0x40080030:  eb01001f  cmp      x0, x1
0x40080034:  54000060  b.eq     #0x40080040

----------------
IN: 
0x40080038:  f800841f  str      xzr, [x0], #8
0x4008003c:  17fffffd  b        #0x40080030

----------------
IN: 
0x40080030:  eb01001f  cmp      x0, x1
0x40080034:  54000060  b.eq     #0x40080040

----------------
IN: 
0x40080040:  d2a12009  mov      x9, #0x9000000
0x40080044:  5280086a  mov      w10, #0x43
0x40080048:  b900012a  str      w10, [x9]
0x4008004c:  94000055  bl       #0x400801a0

----------------
IN: 
0x40080048:  b900012a  str      w10, [x9]

----------------
IN: 
0x4008004c:  94000055  bl       #0x400801a0

----------------
IN: 
0x400801a0:  a9a27bfd  stp      x29, x30, [sp, #-0x1e0]!
0x400801a4:  910003fd  mov      x29, sp
0x400801a8:  a90153f3  stp      x19, x20, [sp, #0x10]
0x400801ac:  52800014  mov      w20, #0
0x400801b0:  528270f3  mov      w19, #0x1387
0x400801b4:  a9025bf5  stp      x21, x22, [sp, #0x20]
0x400801b8:  b0000016  adrp     x22, #0x40081000
0x400801bc:  9102e2d6  add      x22, x22, #0xb8
0x400801c0:  a90363f7  stp      x23, x24, [sp, #0x30]
0x400801c4:  910383f5  add      x21, sp, #0xe0
0x400801c8:  b0000017  adrp     x23, #0x40081000
0x400801cc:  a9046bf9  stp      x25, x26, [sp, #0x40]
0x400801d0:  b0000018  adrp     x24, #0x40081000
0x400801d4:  b000001a  adrp     x26, #0x40081000
0x400801d8:  a90573fb  stp      x27, x28, [sp, #0x50]
0x400801dc:  97ffffa9  bl       #0x40080080

----------------
IN: 
0x40080080:  d2800600  mov      x0, #0x30
0x40080084:  52800c01  mov      w1, #0x60
0x40080088:  f2a12000  movk     x0, #0x900, lsl #16
0x4008008c:  b900001f  str      wzr, [x0]
0x40080090:  b81fc001  stur     w1, [x0, #-4]
0x40080094:  52806021  mov      w1, #0x301
0x40080098:  b9000001  str      w1, [x0]
0x4008009c:  d65f03c0  ret      

----------------
IN: 
0x4008008c:  b900001f  str      wzr, [x0]

----------------
IN: 
0x40080090:  b81fc001  stur     w1, [x0, #-4]
0x40080094:  52806021  mov      w1, #0x301
0x40080098:  b9000001  str      w1, [x0]
0x4008009c:  d65f03c0  ret      

----------------
IN: 
0x40080090:  b81fc001  stur     w1, [x0, #-4]

----------------
IN: 
0x40080094:  52806021  mov      w1, #0x301
0x40080098:  b9000001  str      w1, [x0]
0x4008009c:  d65f03c0  ret      

----------------
IN: 
0x40080098:  b9000001  str      w1, [x0]

----------------
IN: 
0x4008009c:  d65f03c0  ret      

----------------
IN: 
0x400801e0:  52a00201  mov      w1, #0x100000
0x400801e4:  d2a80400  mov      x0, #0x40200000
0x400801e8:  940000d6  bl       #0x40080540

----------------
IN: 
0x40080540:  51008022  sub      w2, w1, #0x20
0x40080544:  b9000002  str      w2, [x0]
0x40080548:  52800022  mov      w2, #1
0x4008054c:  39006002  strb     w2, [x0, #0x18]
0x40080550:  b0000002  adrp     x2, #0x40081000
0x40080554:  910a4043  add      x3, x2, #0x290
0x40080558:  a900fc1f  stp      xzr, xzr, [x0, #8]
0x4008055c:  f9014840  str      x0, [x2, #0x290]
0x40080560:  b0000000  adrp     x0, #0x40081000
0x40080564:  b900087f  str      wzr, [x3, #8]
0x40080568:  b9028801  str      w1, [x0, #0x288]
0x4008056c:  d65f03c0  ret      

----------------
IN: 
0x400801ec:  b000001c  adrp     x28, #0x40081000
0x400801f0:  b000001b  adrp     x27, #0x40081000
0x400801f4:  9400024b  bl       #0x40080b20

----------------
IN: 
0x40080b20:  d65f03c0  ret      

----------------
IN: 
0x400801f8:  b0000019  adrp     x25, #0x40081000
0x400801fc:  940002a1  bl       #0x40080c80

----------------
IN: 
0x40080c80:  b0000002  adrp     x2, #0x40081000
0x40080c84:  b0000000  adrp     x0, #0x40081000
0x40080c88:  910a8001  add      x1, x0, #0x2a0
0x40080c8c:  3dc09c5f  ldr      q31, [x2, #0x270]

----------------
IN: 
0x00000200:  00000000  udf      #0

